> Task :app:preBuild UP-TO-DATE
> Task :app:preDebugBuild UP-TO-DATE
> Task :app:mergeDebugNativeDebugMetadata NO-SOURCE
> Task :app:checkKotlinGradlePluginConfigurationErrors SKIPPED
> Task :app:checkDebugAarMetadata UP-TO-DATE
> Task :app:processDebugNavigationResources UP-TO-DATE
> Task :app:compileDebugNavigationResources UP-TO-DATE
> Task :app:generateDebugResValues UP-TO-DATE
> Task :app:processDebugGoogleServices UP-TO-DATE
> Task :app:mapDebugSourceSetPaths UP-TO-DATE
> Task :app:generateDebugResources UP-TO-DATE
> Task :app:mergeDebugResources UP-TO-DATE
> Task :app:packageDebugResources UP-TO-DATE
> Task :app:parseDebugLocalResources UP-TO-DATE
> Task :app:createDebugCompatibleScreenManifests UP-TO-DATE
> Task :app:extractDeepLinksDebug UP-TO-DATE
> Task :app:processDebugMainManifest UP-TO-DATE
> Task :app:processDebugManifest UP-TO-DATE
> Task :app:processDebugManifestForPackage UP-TO-DATE
> Task :app:processDebugResources UP-TO-DATE
> Task :app:kspDebugKotlin UP-TO-DATE
> Task :app:javaPreCompileDebug UP-TO-DATE
> Task :app:mergeDebugShaders UP-TO-DATE
> Task :app:compileDebugShaders NO-SOURCE
> Task :app:generateDebugAssets UP-TO-DATE
> Task :app:mergeDebugAssets UP-TO-DATE
> Task :app:compressDebugAssets UP-TO-DATE
> Task :app:checkDebugDuplicateClasses UP-TO-DATE
> Task :app:desugarDebugFileDependencies UP-TO-DATE
> Task :app:mergeExtDexDebug UP-TO-DATE
> Task :app:mergeLibDexDebug UP-TO-DATE
> Task :app:mergeDebugJniLibFolders UP-TO-DATE
> Task :app:mergeDebugNativeLibs UP-TO-DATE
> Task :app:stripDebugDebugSymbols UP-TO-DATE
> Task :app:validateSigningDebug UP-TO-DATE
> Task :app:writeDebugAppMetadata UP-TO-DATE
> Task :app:writeDebugSigningConfigVersions UP-TO-DATE

> Task :app:compileDebugKotlin FAILED
e: file:///E:/OpoMelilla_2025/App_Futbol/app/app/src/main/java/com/opomelilla/futbol/MainActivity.kt:64:82 Unresolved reference 'Manifest'.
e: file:///E:/OpoMelilla_2025/App_Futbol/app/app/src/main/java/com/opomelilla/futbol/MainActivity.kt:65:55 Unresolved reference 'Manifest'.
e: file:///E:/OpoMelilla_2025/App_Futbol/app/app/src/main/java/com/opomelilla/futbol/MainActivity.kt:100:64 Unresolved reference 'Person'.
e: file:///E:/OpoMelilla_2025/App_Futbol/app/app/src/main/java/com/opomelilla/futbol/MainActivity.kt:147:5 'onNewIntent' overrides nothing.
e: file:///E:/OpoMelilla_2025/App_Futbol/app/app/src/main/java/com/opomelilla/futbol/MainActivity.kt:147:38 Unresolved reference 'Intent'.
e: file:///E:/OpoMelilla_2025/App_Futbol/app/app/src/main/java/com/opomelilla/futbol/MainActivity.kt:152:38 Unresolved reference 'Intent'.
e: file:///E:/OpoMelilla_2025/App_Futbol/app/app/src/main/java/com/opomelilla/futbol/MainActivity.kt:153:17 Cannot infer type for this parameter. Please specify it explicitly.
e: file:///E:/OpoMelilla_2025/App_Futbol/app/app/src/main/java/com/opomelilla/futbol/MainActivity.kt:153:17 Unresolved reference. None of the following candidates is applicable because of a receiver type mismatch:
fun <T, R> T.let(block: (T) -> R): R
    [R|Contract description]
     <
        CallsInPlace(block, EXACTLY_ONCE)
    >
e: file:///E:/OpoMelilla_2025/App_Futbol/app/app/src/main/java/com/opomelilla/futbol/MainActivity.kt:153:21 Cannot infer type for this parameter. Please specify it explicitly.
e: file:///E:/OpoMelilla_2025/App_Futbol/app/app/src/main/java/com/opomelilla/futbol/MainActivity.kt:154:28 Unresolved reference 'getStringExtra'.
e: file:///E:/OpoMelilla_2025/App_Futbol/app/app/src/main/java/com/opomelilla/futbol/MainActivity.kt:156:37 Assignment type mismatch: actual type is 'kotlin.Any', but 'kotlin.String?' was expected.

FAILURE: Build failed with an exception.

* What went wrong:
Execution failed for task ':app:compileDebugKotlin'.
> A failure occurred while executing org.jetbrains.kotlin.compilerRunner.GradleCompilerRunnerWithWorkers$GradleKotlinCompilerWorkAction
   > Compilation error. See log for more details

* Try:
> Run with --stacktrace option to get the stack trace.
> Run with --info or --debug option to get more log output.
> Run with --scan to get full insights.
> Get more help at https://help.gradle.org.

BUILD FAILED in 4s
32 actionable tasks: 1 executed, 31 up-to-date
